/usr/bin/python3: can't open file '/home/ubuntu/clan_tracker/_scripts/controller.py': [Errno 2] No such file or directory
On branch main
Your branch is up to date with 'origin/main'.

Untracked files:
  (use "git add <file>..." to include in what will be committed)
	.env
	cron.log
	run_hourly.sh

nothing added to commit but untracked files present (use "git add" to track)
Nothing to commit
fatal: could not read Username for 'https://github.com': No such device or address
/usr/bin/python3: can't open file '/home/ubuntu/clan_tracker/_scripts/controller.py': [Errno 2] No such file or directory
On branch main
Your branch is up to date with 'origin/main'.

Untracked files:
  (use "git add <file>..." to include in what will be committed)
	.env
	cron.log
	run_hourly.sh

nothing added to commit but untracked files present (use "git add" to track)
Nothing to commit
fatal: could not read Username for 'https://github.com': No such device or address
/usr/bin/python3: can't open file '/home/ubuntu/clan_tracker/_scripts/controller.py': [Errno 2] No such file or directory
On branch main
Your branch is up to date with 'origin/main'.

Untracked files:
  (use "git add <file>..." to include in what will be committed)
	.env
	cron.log
	run_hourly.sh

nothing added to commit but untracked files present (use "git add" to track)
Nothing to commit
fatal: could not read Username for 'https://github.com': No such device or address
/usr/bin/python3: can't open file '/home/ubuntu/clan_tracker/_scripts/controller.py': [Errno 2] No such file or directory
On branch main
Your branch is up to date with 'origin/main'.

Untracked files:
  (use "git add <file>..." to include in what will be committed)
	.env
	cron.log
	run_hourly.sh

nothing added to commit but untracked files present (use "git add" to track)
Nothing to commit
fatal: could not read Username for 'https://github.com': No such device or address
/usr/bin/python3: can't open file '/home/ubuntu/clan_tracker/_scripts/controller.py': [Errno 2] No such file or directory
On branch main
Your branch is up to date with 'origin/main'.

Untracked files:
  (use "git add <file>..." to include in what will be committed)
	.env
	cron.log
	run_hourly.sh

nothing added to commit but untracked files present (use "git add" to track)
Nothing to commit
fatal: could not read Username for 'https://github.com': No such device or address
/usr/bin/python3: can't open file '/home/ubuntu/clan_tracker/_scripts/controller.py': [Errno 2] No such file or directory
On branch main
Your branch is up to date with 'origin/main'.

Untracked files:
  (use "git add <file>..." to include in what will be committed)
	.env
	cron.log
	run_hourly.sh

nothing added to commit but untracked files present (use "git add" to track)
Nothing to commit
fatal: could not read Username for 'https://github.com': No such device or address
/usr/bin/python3: can't open file '/home/ubuntu/clan_tracker/_scripts/controller.py': [Errno 2] No such file or directory
On branch main
Your branch is up to date with 'origin/main'.

Untracked files:
  (use "git add <file>..." to include in what will be committed)
	.env
	cron.log
	run_hourly.sh

nothing added to commit but untracked files present (use "git add" to track)
Nothing to commit
fatal: could not read Username for 'https://github.com': No such device or address
/usr/bin/python3: can't open file '/home/ubuntu/clan_tracker/_scripts/controller.py': [Errno 2] No such file or directory
On branch main
Your branch is up to date with 'origin/main'.

Untracked files:
  (use "git add <file>..." to include in what will be committed)
	.env
	cron.log
	run_hourly.sh

nothing added to commit but untracked files present (use "git add" to track)
Nothing to commit
fatal: could not read Username for 'https://github.com': No such device or address
/usr/bin/python3: can't open file '/home/ubuntu/clan_tracker/_scripts/controller.py': [Errno 2] No such file or directory
On branch main
Your branch is up to date with 'origin/main'.

Untracked files:
  (use "git add <file>..." to include in what will be committed)
	.env
	cron.log
	run_hourly.sh

nothing added to commit but untracked files present (use "git add" to track)
Nothing to commit
fatal: could not read Username for 'https://github.com': No such device or address
